<?xml version="1.0" encoding="UTF-8"?>
<!-- Generated by org.testng.reporters.JUnitXMLReporter -->
<testsuite hostname="Govind-PC" ignored="0" name="Test" tests="10" failures="10" timestamp="11 Sep 2020 11:09:43 GMT" time="33.104" errors="0">
  <testcase name="addAdditionalProduct" time="0.027" classname="Tests.TestCases">
    <failure type="java.lang.NullPointerException">
      <![CDATA[java.lang.NullPointerException
at org.openqa.selenium.support.pagefactory.DefaultElementLocator.findElement(DefaultElementLocator.java:69)
at org.openqa.selenium.support.pagefactory.internal.LocatingElementHandler.invoke(LocatingElementHandler.java:38)
at com.sun.proxy.$Proxy9.click(Unknown Source)
at Tests.TestCases.addAdditionalProduct(TestCases.java:72)
... Removed 25 stack frames]]>
    </failure>
  </testcase> <!-- addAdditionalProduct -->
  <testcase name="addAdditionalProductToCart" time="0.012" classname="Tests.TestCases">
    <failure type="java.lang.NullPointerException">
      <![CDATA[java.lang.NullPointerException
at org.openqa.selenium.support.pagefactory.DefaultElementLocator.findElement(DefaultElementLocator.java:69)
at org.openqa.selenium.support.pagefactory.internal.LocatingElementHandler.invoke(LocatingElementHandler.java:38)
at com.sun.proxy.$Proxy9.getTagName(Unknown Source)
at org.openqa.selenium.support.ui.Select.<init>(Select.java:45)
at Tests.TestCases.addAdditionalProductToCart(TestCases.java:79)
... Removed 25 stack frames]]>
    </failure>
  </testcase> <!-- addAdditionalProductToCart -->
  <testcase name="addtoCart" time="0.026" classname="Tests.TestCases">
    <failure type="java.lang.NullPointerException">
      <![CDATA[java.lang.NullPointerException
at Tests.TestCases.addtoCart(TestCases.java:47)
... Removed 25 stack frames]]>
    </failure>
  </testcase> <!-- addtoCart -->
  <testcase name="changingProductQuantity" time="0.007" classname="Tests.TestCases">
    <failure type="java.lang.NullPointerException">
      <![CDATA[java.lang.NullPointerException
at org.openqa.selenium.support.pagefactory.DefaultElementLocator.findElement(DefaultElementLocator.java:69)
at org.openqa.selenium.support.pagefactory.internal.LocatingElementHandler.invoke(LocatingElementHandler.java:38)
at com.sun.proxy.$Proxy9.getTagName(Unknown Source)
at org.openqa.selenium.support.ui.Select.<init>(Select.java:45)
at Tests.TestCases.changingProductQuantity(TestCases.java:105)
... Removed 25 stack frames]]>
    </failure>
  </testcase> <!-- changingProductQuantity -->
  <testcase name="clickOnProductCategory" time="0.002" classname="Tests.TestCases">
    <failure type="java.lang.NullPointerException">
      <![CDATA[java.lang.NullPointerException
at org.openqa.selenium.support.pagefactory.DefaultElementLocator.findElement(DefaultElementLocator.java:69)
at org.openqa.selenium.support.pagefactory.internal.LocatingElementHandler.invoke(LocatingElementHandler.java:38)
at com.sun.proxy.$Proxy9.click(Unknown Source)
at Tests.TestCases.clickOnProductCategory(TestCases.java:42)
... Removed 25 stack frames]]>
    </failure>
  </testcase> <!-- clickOnProductCategory -->
  <testcase name="enterDetailsPlaceOrder" time="0.059" classname="Tests.TestCases">
    <failure type="java.lang.NullPointerException">
      <![CDATA[java.lang.NullPointerException
at org.openqa.selenium.support.pagefactory.DefaultElementLocator.findElement(DefaultElementLocator.java:69)
at org.openqa.selenium.support.pagefactory.internal.LocatingElementHandler.invoke(LocatingElementHandler.java:38)
at com.sun.proxy.$Proxy9.sendKeys(Unknown Source)
at Tests.TestCases.enterDetailsPlaceOrder(TestCases.java:121)
... Removed 25 stack frames]]>
    </failure>
  </testcase> <!-- enterDetailsPlaceOrder -->
  <testcase name="goingBackToHomePage" time="3.292" classname="Tests.TestCases">
    <failure type="java.lang.AssertionError" message="expected [https://eu.wahoofitness.com/] but found [chrome://settings/triggeredResetProfileSettings]">
      <![CDATA[java.lang.AssertionError: expected [https://eu.wahoofitness.com/] but found [chrome://settings/triggeredResetProfileSettings]
at Tests.TestCases.goingBackToHomePage(TestCases.java:59)
... Removed 31 stack frames]]>
    </failure>
  </testcase> <!-- goingBackToHomePage -->
  <testcase name="placeOrderWithOutDetails" time="0.009" classname="Tests.TestCases">
    <failure type="java.lang.NullPointerException">
      <![CDATA[java.lang.NullPointerException
at org.openqa.selenium.support.pagefactory.DefaultElementLocator.findElement(DefaultElementLocator.java:69)
at org.openqa.selenium.support.pagefactory.internal.LocatingElementHandler.invoke(LocatingElementHandler.java:38)
at com.sun.proxy.$Proxy9.click(Unknown Source)
at Tests.TestCases.placeOrderWithOutDetails(TestCases.java:115)
... Removed 25 stack frames]]>
    </failure>
  </testcase> <!-- placeOrderWithOutDetails -->
  <testcase name="removeProduct" time="0.006" classname="Tests.TestCases">
    <failure type="java.lang.NullPointerException">
      <![CDATA[java.lang.NullPointerException
at org.openqa.selenium.support.pagefactory.DefaultElementLocator.findElement(DefaultElementLocator.java:69)
at org.openqa.selenium.support.pagefactory.internal.LocatingElementHandler.invoke(LocatingElementHandler.java:38)
at com.sun.proxy.$Proxy9.click(Unknown Source)
at Tests.TestCases.removeProduct(TestCases.java:90)
... Removed 25 stack frames]]>
    </failure>
  </testcase> <!-- removeProduct -->
  <testcase name="selectAnotherProductCategory" time="0.002" classname="Tests.TestCases">
    <failure type="java.lang.NullPointerException">
      <![CDATA[java.lang.NullPointerException
at org.openqa.selenium.support.pagefactory.DefaultElementLocator.findElement(DefaultElementLocator.java:69)
at org.openqa.selenium.support.pagefactory.internal.LocatingElementHandler.invoke(LocatingElementHandler.java:38)
at com.sun.proxy.$Proxy9.click(Unknown Source)
at Tests.TestCases.selectAnotherProductCategory(TestCases.java:66)
... Removed 25 stack frames]]>
    </failure>
  </testcase> <!-- selectAnotherProductCategory -->
</testsuite> <!-- Test -->
